Valid passport: {'hgt': '159cm', 'pid': '561068005', 'eyr': '2025', 'iyr': '2017', 'cid': '139', 'ecl': 'blu', 'hcl': '#ceb3a1', 'byr': '1940'}
Valid passport: {'cid': '211', 'ecl': 'blu', 'hcl': '#7d3b0c', 'iyr': '2011', 'pid': '006632702', 'byr': '1982', 'eyr': '2023', 'hgt': '68in'}
Valid passport: {'hcl': '#341e13', 'hgt': '192', 'iyr': '2028', 'ecl': 'utc', 'eyr': '2027', 'byr': '1979', 'pid': '653515689'}
Valid passport: {'hgt': '155cm', 'hcl': '#a97842', 'iyr': '2019', 'ecl': 'gry', 'byr': '1939', 'pid': '935099157', 'eyr': '2027'}
Valid passport: {'hcl': '#ceb3a1', 'byr': '1984', 'pid': '863872932', 'iyr': '2016', 'hgt': '190cm', 'ecl': 'grn', 'eyr': '2026'}
Valid passport: {'eyr': '2030', 'hcl': '#efcc98', 'cid': '166', 'pid': '894418497', 'ecl': 'hzl', 'hgt': '189cm', 'iyr': '2014', 'byr': '1966'}
Valid passport: {'hgt': '166cm', 'hcl': '#6b5442', 'byr': '1953', 'eyr': '2023', 'iyr': '2010', 'pid': '948173962', 'ecl': 'amb'}
Valid passport: {'ecl': '#829d2e', 'cid': '60', 'iyr': '2028', 'byr': '1979', 'hcl': 'caff12', 'eyr': '1931', 'pid': '#fd7aab', 'hgt': '184cm'}
Valid passport: {'cid': '251', 'byr': '1981', 'pid': '625590775', 'hcl': '#a97842', 'eyr': '2020', 'ecl': 'amb', 'hgt': '178cm', 'iyr': '2016'}
Valid passport: {'pid': '026891577', 'ecl': 'amb', 'byr': '2014', 'hcl': 'bc419f', 'eyr': '2026', 'iyr': '1948', 'hgt': '123', 'cid': '67'}
Valid passport: {'ecl': '#78f4fa', 'eyr': '2020', 'hgt': '165cm', 'byr': '1965', 'pid': '987868257', 'iyr': '2012', 'cid': '331', 'hcl': 'z'}
Valid passport: {'ecl': 'brn', 'cid': '289', 'pid': '868305933', 'byr': '1936', 'hgt': '174cm', 'iyr': '2016', 'hcl': '#623a2f', 'eyr': '2021'}
Valid passport: {'hcl': '#2a6308', 'eyr': '2027', 'hgt': '154cm', 'ecl': 'grn', 'iyr': '2012', 'byr': '1940', 'pid': '675209536'}
Valid passport: {'pid': '186cm', 'eyr': '2022', 'hcl': '#fffffd', 'hgt': '151cm', 'iyr': '2016', 'ecl': 'hzl', 'byr': '1954'}
Valid passport: {'ecl': 'grn', 'hgt': '177cm', 'pid': '725111435', 'byr': '1927', 'eyr': '2027', 'cid': '154', 'iyr': '2010', 'hcl': '#623a2f'}
Valid passport: {'pid': '801551597', 'cid': '55', 'eyr': '2028', 'hgt': '193cm', 'hcl': '#a97842', 'ecl': 'hzl', 'byr': '1942', 'iyr': '2015'}
Valid passport: {'cid': '176', 'eyr': '2030', 'iyr': '2018', 'byr': '1932', 'hgt': '162cm', 'pid': '896180324', 'ecl': 'amb', 'hcl': '#6b5442'}
Valid passport: {'cid': '239', 'ecl': 'grn', 'iyr': '1953', 'pid': '9500162195', 'byr': '1998', 'hgt': '182cm', 'hcl': '#733820', 'eyr': '1966'}
Valid passport: {'eyr': '2030', 'pid': '919325322', 'hcl': 'z', 'iyr': '2024', 'hgt': '71cm', 'ecl': '#1e935c', 'byr': '2026'}
Valid passport: {'iyr': '2012', 'ecl': 'gry', 'eyr': '2025', 'hcl': '#602927', 'hgt': '168cm', 'byr': '1925', 'pid': '303312675'}
Valid passport: {'ecl': '#9524e0', 'byr': '2026', 'hcl': 'z', 'iyr': '2023', 'cid': '325', 'eyr': '1996', 'pid': '6172325031', 'hgt': '191'}
Valid passport: {'ecl': '#689e88', 'eyr': '1937', 'cid': '75', 'byr': '1963', 'iyr': '2024', 'pid': '4980937', 'hgt': '156cm', 'hcl': '#fffffd'}
Valid passport: {'pid': '719820090', 'iyr': '2020', 'hgt': '165cm', 'hcl': '#ceb3a1', 'byr': '1997', 'ecl': 'blu', 'eyr': '2027'}
Valid passport: {'eyr': '2025', 'pid': '241723456', 'iyr': '2011', 'byr': '1953', 'cid': '230', 'hgt': '185cm', 'hcl': '#efcc98', 'ecl': 'oth'}
Valid passport: {'byr': '1936', 'hcl': '#623a2f', 'iyr': '2010', 'hgt': '156cm', 'eyr': '2022', 'pid': '064253102', 'ecl': 'brn'}
Valid passport: {'cid': '332', 'hcl': '#a97842', 'eyr': '2026', 'ecl': 'gry', 'iyr': '2019', 'pid': '#4e4a46', 'hgt': '150cm', 'byr': '1987'}
Valid passport: {'ecl': 'grn', 'hgt': '67in', 'iyr': '2012', 'byr': '1953', 'pid': '910793005', 'hcl': '#341e13', 'eyr': '2020'}
Valid passport: {'iyr': '2024', 'eyr': '2030', 'cid': '204', 'hgt': '166cm', 'pid': '218828260', 'hcl': '701b48', 'ecl': 'gry', 'byr': '1930'}
Valid passport: {'hgt': '162cm', 'pid': '024916763', 'eyr': '2026', 'ecl': 'hzl', 'hcl': '#efcc98', 'iyr': '2019', 'byr': '1921'}
Valid passport: {'eyr': '2022', 'hcl': '#6b5442', 'byr': '1941', 'ecl': 'grn', 'hgt': '169cm', 'iyr': '2014', 'pid': '610328167'}
Valid passport: {'pid': '907508207', 'ecl': 'oth', 'byr': '1941', 'iyr': '2017', 'hcl': '#341e13', 'eyr': '2030', 'hgt': '186cm'}
Valid passport: {'iyr': '2018', 'byr': '1925', 'ecl': 'brn', 'eyr': '2023', 'pid': '903196231', 'hgt': '159cm', 'hcl': '#a97842', 'cid': '323'}
Valid passport: {'hcl': '#a97842', 'ecl': 'blu', 'pid': '#ab3597', 'eyr': '1964', 'byr': '2030', 'hgt': '181cm', 'iyr': '2018'}
Valid passport: {'ecl': 'blu', 'hcl': '#602927', 'cid': '234', 'hgt': '68in', 'eyr': '2021', 'pid': '257420555', 'iyr': '2014', 'byr': '1972'}
Valid passport: {'hcl': '#7d3b0c', 'eyr': '2022', 'hgt': '152cm', 'byr': '1974', 'iyr': '2017', 'pid': '353127736', 'ecl': 'gry'}
Valid passport: {'iyr': '2018', 'eyr': '2028', 'byr': '1924', 'hcl': '#69929e', 'ecl': 'gry', 'hgt': '68in', 'pid': '942207567'}
Valid passport: {'eyr': '2028', 'cid': '90', 'hgt': '185cm', 'ecl': 'amb', 'byr': '1990', 'pid': '947625812', 'hcl': '#623a2f', 'iyr': '2011'}
Valid passport: {'eyr': '2023', 'byr': '1996', 'hgt': '175cm', 'iyr': '2012', 'hcl': '#866857', 'ecl': 'blu', 'pid': '437669135'}
Valid passport: {'byr': '1937', 'eyr': '2030', 'hcl': '#866857', 'iyr': '2017', 'pid': '513963895', 'hgt': '157cm', 'ecl': 'grn'}
Valid passport: {'iyr': '2016', 'hcl': '#623a2f', 'eyr': '2025', 'pid': '559150893', 'hgt': '176cm', 'byr': '1920', 'ecl': 'amb'}
Valid passport: {'byr': '1982', 'eyr': '1961', 'ecl': 'hzl', 'hgt': '167cm', 'hcl': '#888785', 'iyr': '2011', 'cid': '261', 'pid': '709006236'}
Valid passport: {'pid': '307171649', 'byr': '1935', 'hcl': '#888785', 'hgt': '182cm', 'ecl': 'brn', 'eyr': '2030', 'iyr': '2013', 'cid': '256'}
Valid passport: {'ecl': 'hzl', 'eyr': '1998', 'byr': '2009', 'hgt': '153cm', 'iyr': '2010', 'hcl': '#888785', 'pid': '140487128'}
Valid passport: {'byr': '2013', 'hgt': '178in', 'eyr': '1933', 'pid': '829007679', 'iyr': '2016', 'hcl': '#783308', 'ecl': 'grn'}
Valid passport: {'cid': '267', 'byr': '1930', 'pid': '949963673', 'eyr': '2026', 'ecl': 'grn', 'iyr': '2020', 'hgt': '188cm', 'hcl': '#6b5442'}
Valid passport: {'eyr': '2022', 'pid': '254482159', 'byr': '1935', 'iyr': '2017', 'ecl': 'hzl', 'hcl': '#b6652a', 'hgt': '165cm'}
Valid passport: {'byr': '1969', 'ecl': 'oth', 'hgt': '151cm', 'pid': '578662559', 'eyr': '2024', 'iyr': '2015', 'hcl': '#602927', 'cid': '343'}
Valid passport: {'hcl': '#a97842', 'iyr': '2010', 'pid': '558586208', 'eyr': '2029', 'byr': '2002', 'ecl': 'amb', 'cid': '225', 'hgt': '152cm'}
Valid passport: {'eyr': '2005', 'byr': '2024', 'iyr': '1924', 'ecl': 'gmt', 'cid': '186', 'pid': '#886ae9', 'hcl': '3cf4cd', 'hgt': '74cm'}
Valid passport: {'byr': '1970', 'hcl': '#6b5442', 'hgt': '155cm', 'iyr': '2020', 'ecl': 'hzl', 'pid': '698123164', 'eyr': '2030', 'cid': '185'}
Valid passport: {'hcl': '#6b5442', 'ecl': 'hzl', 'iyr': '2014', 'cid': '324', 'pid': '149063285', 'hgt': '64in', 'eyr': '2023', 'byr': '1949'}
Valid passport: {'hcl': '#866857', 'eyr': '2025', 'iyr': '2012', 'cid': '116', 'hgt': '185cm', 'pid': '416329937', 'ecl': 'grn', 'byr': '1962'}
Valid passport: {'iyr': '2020', 'hgt': '71in', 'ecl': 'hzl', 'byr': '1960', 'cid': '53', 'hcl': '#888785', 'pid': '590574853', 'eyr': '2024'}
Valid passport: {'pid': '834729501', 'iyr': '2019', 'hgt': '72in', 'byr': '1977', 'hcl': '#604861', 'ecl': 'oth', 'eyr': '2024'}
Valid passport: {'pid': '111536282', 'ecl': 'gry', 'hgt': '69in', 'eyr': '2021', 'byr': '1940', 'iyr': '2019', 'hcl': '#ceb3a1'}
Valid passport: {'hgt': '186cm', 'pid': '045765056', 'ecl': 'gry', 'byr': '1958', 'iyr': '2012', 'eyr': '2025', 'hcl': '#cfa07d'}
Valid passport: {'hgt': '61in', 'eyr': '2023', 'pid': '4189258985', 'ecl': 'brn', 'iyr': '1995', 'hcl': '#602927', 'byr': '2017'}
Valid passport: {'byr': '1984', 'hcl': '#866857', 'iyr': '2013', 'pid': '927074474', 'hgt': '168cm', 'eyr': '2021', 'ecl': 'oth'}
Valid passport: {'hgt': '186cm', 'pid': '948677443', 'iyr': '2014', 'hcl': '#866857', 'byr': '1968', 'ecl': 'amb', 'eyr': '2027'}
Valid passport: {'eyr': '2028', 'cid': '260', 'hcl': '#623a2f', 'pid': '500330326', 'iyr': '2018', 'hgt': '170cm', 'ecl': 'gry', 'byr': '1960'}
Valid passport: {'hgt': '71cm', 'pid': '6209572', 'byr': '1927', 'iyr': '2011', 'ecl': 'utc', 'hcl': '3bc47a', 'eyr': '1984'}
Valid passport: {'hgt': '164cm', 'cid': '160', 'iyr': '2010', 'byr': '1922', 'eyr': '2024', 'hcl': '#c0946f', 'ecl': 'gry', 'pid': '867476938'}
Valid passport: {'cid': '316', 'iyr': '2015', 'hcl': '#b6652a', 'hgt': '72cm', 'pid': '#c37dbf', 'byr': '2022', 'eyr': '2036', 'ecl': '#8bd8f4'}
Valid passport: {'iyr': '2016', 'hgt': '172cm', 'pid': '482664712', 'ecl': 'hzl', 'eyr': '2024', 'hcl': '#602927', 'byr': '1945'}
Valid passport: {'hgt': '170cm', 'eyr': '2030', 'pid': '846949920', 'hcl': '#ceb3a1', 'ecl': 'hzl', 'iyr': '2016', 'byr': '1945'}
Valid passport: {'pid': '788563693', 'hcl': '#a97842', 'hgt': '172cm', 'eyr': '2022', 'ecl': 'brn', 'iyr': '2010', 'byr': '2002'}
Valid passport: {'iyr': '2013', 'hgt': '60cm', 'hcl': '#7d3b0c', 'pid': '6594060725', 'ecl': '#46a7d7', 'eyr': '2023', 'byr': '1995'}
Valid passport: {'eyr': '2023', 'iyr': '2013', 'hgt': '189cm', 'hcl': '#866857', 'byr': '1981', 'cid': '313', 'ecl': 'brn', 'pid': '386584267'}
Valid passport: {'iyr': '2011', 'hcl': '#7d3b0c', 'eyr': '2027', 'ecl': 'gry', 'byr': '1931', 'hgt': '71in', 'pid': '435568613'}
Valid passport: {'byr': '1989', 'ecl': 'oth', 'iyr': '2011', 'eyr': '2027', 'pid': '761106563', 'hcl': '#efcc98', 'hgt': '60in'}
Valid passport: {'ecl': 'hzl', 'eyr': '2027', 'hgt': '175cm', 'pid': '68527368', 'byr': '1980', 'iyr': '2017', 'hcl': '#341e13'}
Valid passport: {'hgt': '160cm', 'iyr': '2015', 'ecl': '#9cf598', 'pid': '297446459', 'cid': '123', 'byr': '1968', 'eyr': '1970', 'hcl': '#efcc98'}
Valid passport: {'ecl': 'hzl', 'pid': '311990731', 'hgt': '171cm', 'hcl': '#602927', 'byr': '1978', 'eyr': '2026', 'cid': '254', 'iyr': '2014'}
Valid passport: {'hcl': '#8e0dfc', 'pid': '961997362', 'byr': '1950', 'eyr': '2027', 'hgt': '184in', 'ecl': 'blu', 'iyr': '2015', 'cid': '266'}
Valid passport: {'pid': '953859016', 'iyr': '2018', 'hcl': '#341e13', 'ecl': 'grn', 'cid': '61', 'hgt': '192cm', 'eyr': '2022', 'byr': '1920'}
Valid passport: {'eyr': '2026', 'pid': '149020634', 'byr': '1942', 'iyr': '2021', 'hcl': '#6b5442', 'ecl': 'oth', 'hgt': '176in'}
Valid passport: {'eyr': '2025', 'hgt': '176cm', 'iyr': '2020', 'ecl': 'oth', 'hcl': '#efcc98', 'pid': '196082064', 'byr': '2002'}
Valid passport: {'hgt': '172in', 'hcl': 'z', 'pid': '#b454a0', 'ecl': '#d7a600', 'byr': '1977', 'eyr': '2035', 'iyr': '2014'}
Valid passport: {'cid': '254', 'iyr': '2020', 'pid': '716596533', 'hcl': '#341e13', 'byr': '1947', 'hgt': '150cm', 'ecl': 'hzl', 'eyr': '2028'}
Valid passport: {'iyr': '2019', 'pid': '190601635', 'byr': '1922', 'hcl': '#18171d', 'hgt': '71in', 'ecl': 'brn', 'eyr': '2021'}
Valid passport: {'byr': '1938', 'iyr': '2019', 'eyr': '2028', 'pid': '568504071', 'hcl': '#efcc98', 'hgt': '178cm', 'ecl': 'amb'}
Valid passport: {'pid': '921417345', 'eyr': '2020', 'ecl': 'brn', 'hcl': '#c0946f', 'hgt': '168cm', 'byr': '1983', 'cid': '170', 'iyr': '2018'}
Valid passport: {'iyr': '2020', 'cid': '212', 'eyr': '2002', 'pid': '61850316', 'hgt': '148', 'hcl': '#b6652a', 'byr': '2024', 'ecl': 'grn'}
Valid passport: {'eyr': '2021', 'iyr': '2014', 'hgt': '156cm', 'pid': '654181902', 'ecl': 'amb', 'byr': '1946', 'hcl': '#733820'}
Valid passport: {'iyr': '2019', 'hgt': '189cm', 'byr': '1940', 'pid': '419593669', 'ecl': 'amb', 'cid': '149', 'hcl': '#fffffd', 'eyr': '2020'}
Valid passport: {'hgt': '172cm', 'ecl': 'lzr', 'pid': '788208394', 'hcl': '#341e13', 'cid': '183', 'iyr': '2020', 'eyr': '2027', 'byr': '1988'}
Valid passport: {'byr': '2030', 'ecl': '#d82c54', 'iyr': '2014', 'hcl': '#be9be7', 'eyr': '2027', 'pid': '1291285950', 'hgt': '61cm'}
Valid passport: {'ecl': 'zzz', 'pid': '425594420', 'byr': '1983', 'hcl': 'z', 'eyr': '2028', 'hgt': '184cm', 'iyr': '1937'}
Valid passport: {'pid': '405789549', 'byr': '1982', 'eyr': '2020', 'hcl': '#623a2f', 'hgt': '161cm', 'iyr': '2013', 'ecl': 'amb'}
Valid passport: {'pid': '775860836', 'hgt': '184cm', 'hcl': '#fffffd', 'ecl': 'amb', 'byr': '1930', 'eyr': '2022', 'iyr': '2016'}
Valid passport: {'iyr': '2020', 'byr': '1979', 'eyr': '2024', 'hgt': '171cm', 'ecl': 'brn', 'hcl': '#ceb3a1', 'pid': '853915000'}
Valid passport: {'iyr': '2015', 'pid': '244459567', 'hcl': '#18171d', 'cid': '224', 'byr': '1931', 'eyr': '2022', 'hgt': '169cm', 'ecl': 'gry'}
Valid passport: {'iyr': '2017', 'cid': '308', 'eyr': '2026', 'ecl': 'blu', 'hgt': '59in', 'byr': '1953', 'hcl': '#ceb3a1', 'pid': '466915764'}
Valid passport: {'hcl': '#7d3b0c', 'byr': '1940', 'iyr': '2015', 'eyr': '2020', 'pid': '950614940', 'ecl': 'amb', 'hgt': '179cm'}
Valid passport: {'byr': '2010', 'cid': '106', 'eyr': '2022', 'iyr': '2020', 'pid': '336057617', 'ecl': 'brn', 'hcl': 'f13e26', 'hgt': '182cm'}
Valid passport: {'cid': '216', 'hgt': '193cm', 'byr': '1975', 'ecl': 'oth', 'pid': '684529055', 'iyr': '2018', 'eyr': '2020', 'hcl': '#18171d'}
Valid passport: {'hgt': '150cm', 'eyr': '2028', 'hcl': '#cfa07d', 'ecl': 'grn', 'iyr': '2018', 'byr': '1951', 'pid': '749102509'}
Valid passport: {'pid': '937451204', 'hcl': '#341e13', 'iyr': '2020', 'hgt': '171cm', 'eyr': '2021', 'byr': '1941', 'ecl': 'hzl'}
Valid passport: {'cid': '69', 'iyr': '2014', 'eyr': '2022', 'pid': '174789690', 'hgt': '157cm', 'byr': '1961', 'ecl': 'hzl', 'hcl': '#a97842'}
Valid passport: {'hcl': '#7d3b0c', 'pid': '658134059', 'hgt': '65in', 'byr': '2005', 'ecl': '#2dcb50', 'iyr': '2012', 'eyr': '2030'}
Valid passport: {'iyr': '1997', 'byr': '1994', 'hgt': '189cm', 'ecl': 'gry', 'pid': '564165515', 'eyr': '2029', 'hcl': '#ceb3a1'}
Valid passport: {'hcl': '#602927', 'eyr': '2024', 'cid': '130', 'iyr': '2015', 'ecl': 'blu', 'hgt': '184cm', 'byr': '1996', 'pid': '897871188'}
Valid passport: {'ecl': 'oth', 'hcl': '#623a2f', 'iyr': '2016', 'pid': '012591439', 'byr': '1937', 'eyr': '2022', 'hgt': '176cm'}
Valid passport: {'eyr': '2020', 'byr': '1965', 'iyr': '2013', 'hgt': '193cm', 'hcl': '#ceb3a1', 'ecl': 'hzl', 'pid': '177120440'}
Valid passport: {'byr': '1934', 'iyr': '2015', 'hcl': '#341e13', 'pid': '370860309', 'ecl': 'oth', 'eyr': '2028', 'hgt': '157cm'}
Valid passport: {'ecl': 'brn', 'byr': '2001', 'iyr': '2010', 'eyr': '2028', 'hcl': '#866857', 'hgt': '183cm', 'pid': '194361427'}
Valid passport: {'iyr': '2020', 'ecl': 'hzl', 'eyr': '2030', 'hgt': '185cm', 'byr': '1969', 'hcl': '#ceb3a1', 'pid': '157651787'}
Valid passport: {'byr': '2011', 'iyr': '2018', 'hcl': '#623a2f', 'hgt': '159cm', 'ecl': 'blu', 'pid': '174cm', 'eyr': '2030'}
Valid passport: {'ecl': 'grt', 'pid': '520129782', 'eyr': '2020', 'byr': '2020', 'hcl': 'z', 'cid': '50', 'iyr': '2017', 'hgt': '156cm'}
Valid passport: {'iyr': '2015', 'ecl': 'grn', 'hcl': '#83b224', 'eyr': '2021', 'pid': '554994156', 'hgt': '179cm', 'byr': '1994'}
Valid passport: {'cid': '125', 'byr': '1943', 'hgt': '168cm', 'ecl': 'hzl', 'pid': '418786991', 'eyr': '2020', 'iyr': '2016', 'hcl': '#cfa07d'}
Valid passport: {'cid': '243', 'hcl': '#cfa07d', 'byr': '1951', 'ecl': 'oth', 'pid': '382615614', 'iyr': '2018', 'eyr': '2030', 'hgt': '64in'}
Valid passport: {'eyr': '2028', 'iyr': '2013', 'ecl': 'brn', 'byr': '1923', 'cid': '174', 'hcl': '#b6652a', 'hgt': '154cm', 'pid': '274036240'}
Valid passport: {'hgt': '188cm', 'byr': '1979', 'ecl': 'amb', 'eyr': '2025', 'hcl': '#b6652a', 'cid': '130', 'pid': '646985829', 'iyr': '2019'}
Valid passport: {'ecl': '#12c807', 'byr': '1954', 'eyr': '1934', 'hgt': '73cm', 'hcl': '#ceb3a1', 'iyr': '2015', 'pid': '704621520'}
Valid passport: {'hgt': '188cm', 'hcl': '#733820', 'eyr': '2024', 'ecl': 'grn', 'iyr': '2018', 'byr': '1982', 'pid': '522812862'}
Valid passport: {'hgt': '68cm', 'ecl': 'blu', 'byr': '2023', 'pid': '875418461', 'iyr': '2021', 'eyr': '2020', 'hcl': '#623a2f'}
Valid passport: {'eyr': '2026', 'pid': '288363970', 'cid': '70', 'byr': '1932', 'hgt': '157cm', 'iyr': '2016', 'ecl': 'hzl', 'hcl': '#ceb3a1'}
Valid passport: {'byr': '1992', 'pid': '539896055', 'eyr': '2023', 'cid': '189', 'hgt': '70in', 'ecl': 'oth', 'iyr': '2019', 'hcl': '#866857'}
Valid passport: {'eyr': '2024', 'hgt': '170cm', 'ecl': 'hzl', 'byr': '1939', 'pid': '851235247', 'iyr': '2013', 'hcl': '#fffffd'}
Valid passport: {'ecl': 'hzl', 'hcl': '#c0946f', 'hgt': '167cm', 'eyr': '2024', 'byr': '1936', 'pid': '463230636', 'cid': '297', 'iyr': '2016'}
Valid passport: {'pid': '291401545', 'ecl': 'grn', 'hcl': '#b6652a', 'iyr': '2014', 'hgt': '185cm', 'eyr': '2025', 'byr': '1947'}
Valid passport: {'eyr': '2029', 'pid': '612595763', 'iyr': '2018', 'ecl': 'gry', 'cid': '290', 'byr': '1991', 'hcl': '#733820', 'hgt': '150cm'}
Valid passport: {'eyr': '2023', 'byr': '1956', 'hgt': '188cm', 'iyr': '2014', 'hcl': '#b6652a', 'pid': '382721925', 'ecl': 'brn'}
Valid passport: {'byr': '1947', 'ecl': 'gry', 'eyr': '2020', 'pid': '874004905', 'hcl': '#602927', 'hgt': '161cm', 'iyr': '2029'}
Valid passport: {'pid': '164334257', 'iyr': '2014', 'cid': '286', 'eyr': '2020', 'hcl': '#733820', 'ecl': 'gry', 'byr': '1959', 'hgt': '165cm'}
Valid passport: {'hgt': '59in', 'pid': '#5b1362', 'eyr': '2028', 'iyr': '1980', 'hcl': 'z', 'byr': '2030', 'ecl': 'utc'}
Valid passport: {'pid': '604128460', 'iyr': '2016', 'byr': '1952', 'hgt': '152cm', 'ecl': 'grn', 'hcl': '#7d3b0c', 'eyr': '2021'}
Valid passport: {'pid': '7483106309', 'eyr': '2005', 'hgt': '158in', 'byr': '2024', 'iyr': '1935', 'hcl': 'z', 'ecl': '#158994'}
Valid passport: {'hcl': '22207f', 'eyr': '1994', 'cid': '166', 'pid': '#d8e64c', 'ecl': 'utc', 'byr': '1966', 'hgt': '70cm', 'iyr': '1980'}
Valid passport: {'iyr': '2012', 'pid': '045892410', 'hgt': '70in', 'ecl': 'dne', 'hcl': '1a323a', 'byr': '1920', 'eyr': '2022'}
Valid passport: {'hcl': '#18171d', 'iyr': '2019', 'eyr': '2026', 'hgt': '191cm', 'pid': '514596186', 'cid': '327', 'byr': '1938', 'ecl': 'grn'}
Valid passport: {'iyr': '2028', 'eyr': '2034', 'cid': '276', 'pid': '#0e7ee2', 'byr': '2020', 'hgt': '63cm', 'ecl': 'gry', 'hcl': 'z'}
Valid passport: {'pid': '4270554593', 'eyr': '2031', 'ecl': 'lzr', 'hgt': '72cm', 'iyr': '2027', 'hcl': 'ffc210', 'cid': '132', 'byr': '2008'}
Valid passport: {'iyr': '2018', 'pid': '174cm', 'cid': '144', 'ecl': '#10b2ed', 'byr': '1931', 'eyr': '2040', 'hcl': 'z', 'hgt': '68in'}
Valid passport: {'pid': '832184923', 'eyr': '2023', 'hgt': '180cm', 'byr': '1965', 'ecl': 'hzl', 'cid': '189', 'hcl': '#a97842', 'iyr': '2016'}
Valid passport: {'hgt': '64in', 'byr': '1987', 'hcl': '01f3d7', 'pid': '553206412', 'eyr': '2027', 'ecl': 'grn', 'cid': '336', 'iyr': '2012'}
Valid passport: {'cid': '336', 'ecl': 'oth', 'byr': '1975', 'pid': '296100726', 'hcl': '#6b5442', 'iyr': '2016', 'hgt': '180cm', 'eyr': '2029'}
Valid passport: {'hcl': '#ceb3a1', 'hgt': '181cm', 'pid': '364719801', 'byr': '1922', 'eyr': '2029', 'iyr': '2010', 'cid': '346', 'ecl': 'gry'}
Valid passport: {'hcl': '#1c7f1d', 'cid': '205', 'hgt': '184cm', 'byr': '1928', 'pid': '694275035', 'iyr': '2018', 'ecl': 'blu', 'eyr': '2023'}
Valid passport: {'eyr': '1970', 'hcl': 'z', 'byr': '2001', 'pid': '9244596', 'iyr': '2030', 'hgt': '187in', 'ecl': 'blu'}
Valid passport: {'hgt': '96', 'byr': '2030', 'ecl': 'zzz', 'eyr': '1920', 'pid': '115437655', 'hcl': 'z', 'iyr': '2017', 'cid': '344'}
Valid passport: {'iyr': '2018', 'eyr': '2023', 'hcl': '#888785', 'hgt': '188cm', 'ecl': 'amb', 'byr': '1992', 'pid': '602211075'}
Valid passport: {'pid': '848099019', 'hgt': '168cm', 'iyr': '2016', 'eyr': '2026', 'ecl': 'amb', 'hcl': '#866857', 'byr': '1981'}
Valid passport: {'iyr': '2013', 'hcl': '#623a2f', 'hgt': '151cm', 'cid': '135', 'byr': '1974', 'eyr': '2026', 'ecl': 'gry', 'pid': '313553018'}
Valid passport: {'hcl': '#733820', 'byr': '1986', 'hgt': '182cm', 'ecl': 'brn', 'eyr': '2024', 'iyr': '2017', 'pid': '676008782'}
Valid passport: {'eyr': '2030', 'pid': '833874339', 'iyr': '2011', 'byr': '1949', 'hgt': '159cm', 'ecl': 'brn', 'hcl': '#602927'}
Valid passport: {'hgt': '182cm', 'hcl': '#6b5442', 'pid': '131549376', 'eyr': '2029', 'iyr': '2012', 'ecl': 'gry', 'byr': '1926'}
Valid passport: {'iyr': '1944', 'eyr': '2038', 'hcl': 'a2adf2', 'cid': '99', 'byr': '2006', 'hgt': '67cm', 'pid': '154cm', 'ecl': 'dne'}
Valid passport: {'eyr': '2005', 'hcl': '#1495bd', 'ecl': 'grt', 'byr': '2028', 'iyr': '2016', 'hgt': '155', 'pid': '182cm', 'cid': '326'}
Valid passport: {'hgt': '136', 'pid': '599182089', 'eyr': '2020', 'byr': '1945', 'iyr': '2012', 'ecl': 'oth', 'hcl': '#18171d'}
Valid passport: {'ecl': 'hzl', 'byr': '1949', 'cid': '133', 'hgt': '159cm', 'hcl': '#b6652a', 'pid': '9833212692', 'iyr': '2011', 'eyr': '2030'}
Valid passport: {'eyr': '2020', 'hgt': '175cm', 'cid': '140', 'iyr': '2014', 'byr': '1980', 'hcl': '#7d3b0c', 'ecl': 'grn', 'pid': '400508366'}
Valid passport: {'byr': '1986', 'hgt': '159cm', 'ecl': 'brn', 'pid': '856817592', 'hcl': '#cfa07d', 'eyr': '2024', 'iyr': '2017'}
Valid passport: {'hgt': '166cm', 'byr': '1996', 'hcl': '#410645', 'ecl': 'hzl', 'iyr': '2010', 'cid': '178', 'pid': '337713295', 'eyr': '2026'}
Valid passport: {'byr': '1929', 'iyr': '2011', 'hcl': '#fffffd', 'ecl': 'blu', 'pid': '013408674', 'hgt': '187cm', 'eyr': '2021'}
Valid passport: {'hcl': '#cfa07d', 'byr': '1986', 'cid': '331', 'iyr': '2010', 'ecl': 'gry', 'pid': '616063053', 'hgt': '150cm', 'eyr': '2028'}
Valid passport: {'byr': '1978', 'eyr': '2024', 'hgt': '155cm', 'iyr': '2012', 'hcl': '#694989', 'pid': '914726069', 'ecl': 'amb'}
Valid passport: {'ecl': 'blu', 'pid': '139464317', 'hcl': '#fffffd', 'eyr': '2024', 'byr': '1970', 'hgt': '72in', 'iyr': '2012'}
Valid passport: {'byr': '1994', 'cid': '228', 'ecl': 'grn', 'hgt': '171cm', 'pid': '538884417', 'eyr': '2025', 'iyr': '2011', 'hcl': '#6b5442'}
Valid passport: {'cid': '264', 'hcl': '#623a2f', 'hgt': '186cm', 'iyr': '2012', 'ecl': 'brn', 'eyr': '2024', 'pid': '304101929', 'byr': '1954'}
Valid passport: {'hgt': '183cm', 'byr': '1987', 'hcl': 'z', 'ecl': 'gry', 'eyr': '2020', 'pid': '384983241', 'iyr': '2015'}
Valid passport: {'pid': '#885c1a', 'byr': '2012', 'eyr': '2034', 'ecl': '#8ea705', 'iyr': '2028', 'hgt': '61cm', 'hcl': 'z'}
Valid passport: {'byr': '1974', 'hcl': '#c0946f', 'iyr': '2018', 'pid': '285451524', 'cid': '299', 'eyr': '2029', 'hgt': '184cm', 'ecl': 'hzl'}
Valid passport: {'byr': '1974', 'hcl': '#602927', 'hgt': '151cm', 'iyr': '2013', 'pid': '322935162', 'ecl': 'amb', 'cid': '209', 'eyr': '2026'}
Valid passport: {'hcl': '#341e13', 'iyr': '2015', 'ecl': 'gry', 'byr': '1970', 'hgt': '186cm', 'pid': '330151070', 'eyr': '2034'}
Valid passport: {'ecl': 'gry', 'eyr': '2023', 'hgt': '160cm', 'hcl': '#c0946f', 'iyr': '2011', 'byr': '1926', 'pid': '727347794'}
Valid passport: {'iyr': '2012', 'byr': '1974', 'hcl': '#866857', 'eyr': '2025', 'pid': '933155590', 'hgt': '167cm', 'ecl': 'grn'}
Valid passport: {'iyr': '2015', 'ecl': 'gry', 'eyr': '2029', 'byr': '1967', 'hcl': '#f9f576', 'hgt': '170cm', 'pid': '439696954', 'cid': '173'}
Valid passport: {'eyr': '2029', 'ecl': 'hzl', 'hcl': '#866857', 'byr': '1994', 'pid': '308548232', 'hgt': '162cm', 'iyr': '2012'}
Valid passport: {'byr': '1924', 'cid': '274', 'pid': '028266367', 'eyr': '2025', 'iyr': '2017', 'hgt': '169cm', 'hcl': '#cfa07d', 'ecl': 'gry'}
Valid passport: {'eyr': '2025', 'byr': '1995', 'ecl': 'brn', 'hgt': '160cm', 'pid': '819047484', 'hcl': '#602927', 'iyr': '2011'}
Valid passport: {'pid': '660383456', 'iyr': '2016', 'eyr': '2022', 'hgt': '158cm', 'byr': '1942', 'ecl': 'amb', 'cid': '334', 'hcl': '#efcc98'}
Valid passport: {'eyr': '2024', 'iyr': '2017', 'hgt': '165cm', 'hcl': '#7d3b0c', 'byr': '1920', 'ecl': 'amb', 'pid': '236377188'}
Valid passport: {'ecl': 'amb', 'hgt': '174cm', 'eyr': '2028', 'byr': '2002', 'hcl': '#7d3b0c', 'pid': '428826816', 'iyr': '2017'}
Valid passport: {'byr': '2025', 'ecl': 'dne', 'hgt': '167in', 'pid': '706379338', 'iyr': '2019', 'hcl': '240e75', 'eyr': '1971'}
Valid passport: {'eyr': '2021', 'hcl': '#efcc98', 'iyr': '2014', 'pid': '358236477', 'byr': '1923', 'cid': '73', 'hgt': '165cm', 'ecl': 'amb'}
Valid passport: {'eyr': '2030', 'cid': '267', 'ecl': 'brn', 'pid': '282023612', 'hcl': '#c0946f', 'iyr': '2018', 'byr': '1989', 'hgt': '72cm'}
Valid passport: {'ecl': 'utc', 'hcl': 'ea4b34', 'byr': '2013', 'pid': '#d58d54', 'hgt': '107', 'iyr': '2027', 'cid': '296', 'eyr': '2038'}
Valid passport: {'hcl': '#341e13', 'byr': '1927', 'ecl': 'grn', 'iyr': '2011', 'hgt': '175cm', 'eyr': '2023', 'pid': '638808763', 'cid': '339'}
Valid passport: {'eyr': '2030', 'cid': '160', 'byr': '1994', 'hgt': '163cm', 'ecl': 'hzl', 'iyr': '2016', 'hcl': '#623a2f', 'pid': '569304871'}
Valid passport: {'byr': '1965', 'eyr': '2020', 'hgt': '157cm', 'hcl': '#a97842', 'cid': '271', 'iyr': '2014', 'pid': '326802068', 'ecl': '#a16571'}
Valid passport: {'byr': '1965', 'ecl': 'hzl', 'eyr': '2029', 'iyr': '2010', 'hgt': '157cm', 'hcl': '#7d3b0c', 'pid': '617693914'}
Valid passport: {'pid': '547158528', 'byr': '1956', 'ecl': 'gry', 'hgt': '189cm', 'eyr': '2029', 'hcl': '#602927', 'iyr': '2011'}
Valid passport: {'hcl': '#efcc98', 'ecl': '#1ecd0e', 'pid': '160cm', 'eyr': '2027', 'hgt': '183cm', 'byr': '2027', 'iyr': '1963'}
Valid passport: {'hcl': '#fffffd', 'eyr': '2021', 'iyr': '2014', 'byr': '1959', 'ecl': 'amb', 'pid': '102521439', 'hgt': '190cm'}
Valid passport: {'ecl': 'xry', 'pid': '#5be367', 'hgt': '171cm', 'cid': '144', 'iyr': '1946', 'eyr': '2034', 'hcl': 'z', 'byr': '2022'}
Valid passport: {'iyr': '2019', 'hgt': '183cm', 'ecl': 'brn', 'hcl': '#efcc98', 'pid': '821190245', 'cid': '251', 'eyr': '2023', 'byr': '1993'}
Valid passport: {'ecl': 'oth', 'iyr': '2018', 'cid': '131', 'hcl': '#524e2e', 'byr': '1981', 'hgt': '183cm', 'eyr': '2022', 'pid': '037981572'}
Valid passport: {'hcl': '#18171d', 'byr': '1934', 'eyr': '2020', 'hgt': '62in', 'cid': '64', 'ecl': 'oth', 'pid': '343039563', 'iyr': '2010'}
Valid passport: {'hcl': '#733820', 'pid': '374199356', 'hgt': '169cm', 'eyr': '2026', 'byr': '1994', 'iyr': '2015', 'ecl': 'brn'}
Valid passport: {'pid': '394267581', 'hcl': '#a97842', 'iyr': '2010', 'byr': '1988', 'hgt': '185cm', 'ecl': 'amb', 'eyr': '2022'}
Valid passport: {'ecl': '#be3b70', 'iyr': '2025', 'hcl': 'z', 'eyr': '2010', 'byr': '2023', 'hgt': '65', 'cid': '220', 'pid': '#d6af49'}
Valid passport: {'eyr': '2029', 'hcl': '#a97842', 'ecl': 'amb', 'hgt': '159cm', 'cid': '228', 'byr': '1946', 'iyr': '2012', 'pid': '805319194'}
Valid passport: {'hcl': '#c0946f', 'eyr': '2020', 'hgt': '171cm', 'ecl': 'oth', 'iyr': '2010', 'byr': '1958', 'pid': '276122958'}
Valid passport: {'iyr': '2017', 'hcl': '#da47a1', 'byr': '2007', 'ecl': 'utc', 'eyr': '1945', 'cid': '327', 'hgt': '192cm', 'pid': '549704477'}
Valid passport: {'iyr': '1923', 'hgt': '174in', 'hcl': 'z', 'byr': '1974', 'eyr': '2026', 'ecl': 'xry', 'pid': '158cm'}
Valid passport: {'iyr': '2022', 'ecl': '#ae10f9', 'hgt': '108', 'eyr': '2035', 'hcl': 'z', 'byr': '2019', 'pid': '#1f4f7c'}
Valid passport: {'cid': '242', 'byr': '2008', 'hcl': '#866857', 'hgt': '172cm', 'iyr': '2011', 'ecl': 'blu', 'eyr': '2026', 'pid': '350658669'}
Valid passport: {'hgt': '67in', 'eyr': '2030', 'ecl': 'gry', 'pid': '156329184', 'iyr': '2010', 'byr': '1936', 'hcl': '#efcc98'}
Valid passport: {'cid': '110', 'hgt': '76in', 'iyr': '2018', 'eyr': '2029', 'pid': '474249956', 'byr': '2002', 'hcl': '#866857', 'ecl': 'oth'}
Valid passport: {'iyr': '2016', 'hgt': '193cm', 'eyr': '2029', 'byr': '1934', 'hcl': '#b6652a', 'pid': '901756621', 'ecl': 'brn'}
--------------------PART 1-----------------------
Answer: 202


